Connecting to database specified by database.yml
Connecting to database specified by database.yml
  [1m[36m (0.1ms)[0m  [1mselect sqlite_version(*)[0m
  [1m[35m (31.0ms)[0m  CREATE TABLE "schema_migrations" ("version" varchar(255) NOT NULL) 
  [1m[36m (22.2ms)[0m  [1mCREATE UNIQUE INDEX "unique_schema_migrations" ON "schema_migrations" ("version")[0m
  [1m[35m (0.0ms)[0m  SELECT "schema_migrations"."version" FROM "schema_migrations" 
Migrating to CreateAnimals (20170303024208)
  [1m[36m (0.0ms)[0m  [1mbegin transaction[0m
  [1m[35m (0.3ms)[0m  CREATE TABLE "animals" ("id" INTEGER PRIMARY KEY AUTOINCREMENT NOT NULL, "name" varchar(255), "created_at" datetime NOT NULL, "updated_at" datetime NOT NULL) 
  [1m[36m (0.1ms)[0m  [1mINSERT INTO "schema_migrations" ("version") VALUES ('20170303024208')[0m
  [1m[35m (17.6ms)[0m  commit transaction
  [1m[36m (0.0ms)[0m  [1mSELECT "schema_migrations"."version" FROM "schema_migrations" [0m


Started GET "/assets/rails.png" for 127.0.0.1 at 2017-03-02 21:43:38 -0500
Connecting to database specified by database.yml
Served asset /rails.png - 200 OK (2ms)


Started GET "/animals" for 127.0.0.1 at 2017-03-02 21:43:42 -0500

ActionController::RoutingError (No route matches [GET] "/animals"):
  actionpack (3.2.9) lib/action_dispatch/middleware/debug_exceptions.rb:21:in `call'
  actionpack (3.2.9) lib/action_dispatch/middleware/show_exceptions.rb:56:in `call'
  railties (3.2.9) lib/rails/rack/logger.rb:32:in `call_app'
  railties (3.2.9) lib/rails/rack/logger.rb:16:in `block in call'
  activesupport (3.2.9) lib/active_support/tagged_logging.rb:22:in `tagged'
  railties (3.2.9) lib/rails/rack/logger.rb:16:in `call'
  actionpack (3.2.9) lib/action_dispatch/middleware/request_id.rb:22:in `call'
  rack (1.4.7) lib/rack/methodoverride.rb:21:in `call'
  rack (1.4.7) lib/rack/runtime.rb:17:in `call'
  activesupport (3.2.9) lib/active_support/cache/strategy/local_cache.rb:72:in `call'
  rack (1.4.7) lib/rack/lock.rb:15:in `call'
  actionpack (3.2.9) lib/action_dispatch/middleware/static.rb:62:in `call'
  railties (3.2.9) lib/rails/engine.rb:479:in `call'
  railties (3.2.9) lib/rails/application.rb:223:in `call'
  rack (1.4.7) lib/rack/content_length.rb:14:in `call'
  railties (3.2.9) lib/rails/rack/log_tailer.rb:17:in `call'
  rack (1.4.7) lib/rack/handler/webrick.rb:59:in `service'
  /home/sam/.rubies/ruby-2.2.6/lib/ruby/2.2.0/webrick/httpserver.rb:138:in `service'
  /home/sam/.rubies/ruby-2.2.6/lib/ruby/2.2.0/webrick/httpserver.rb:94:in `run'
  /home/sam/.rubies/ruby-2.2.6/lib/ruby/2.2.0/webrick/server.rb:294:in `block in start_thread'


  Rendered /home/sam/.gem/ruby/2.2.6/gems/actionpack-3.2.9/lib/action_dispatch/middleware/templates/rescues/routing_error.erb within rescues/layout (1.3ms)


Started GET "/animals" for 127.0.0.1 at 2017-03-02 21:43:51 -0500
Connecting to database specified by database.yml
Processing by AnimalsController#index as HTML
  [1m[36mAnimal Load (0.1ms)[0m  [1mSELECT "animals".* FROM "animals" [0m
  Rendered animals/index.html.erb within layouts/application (1.2ms)
Compiled animals.css  (3ms)  (pid 10689)
Compiled scaffolds.css  (14ms)  (pid 10689)
Compiled application.css  (21ms)  (pid 10689)
Compiled jquery.js  (3ms)  (pid 10689)
Compiled jquery_ujs.js  (0ms)  (pid 10689)
Compiled animals.js  (199ms)  (pid 10689)
Compiled application.js  (212ms)  (pid 10689)
Completed 200 OK in 278ms (Views: 258.7ms | ActiveRecord: 0.8ms)


Started GET "/assets/application.css?body=1" for 127.0.0.1 at 2017-03-02 21:43:52 -0500
Served asset /application.css - 200 OK (20ms)


Started GET "/assets/animals.css?body=1" for 127.0.0.1 at 2017-03-02 21:43:52 -0500
Served asset /animals.css - 200 OK (1ms)


Started GET "/assets/jquery.js?body=1" for 127.0.0.1 at 2017-03-02 21:43:52 -0500
Served asset /jquery.js - 200 OK (10ms)


Started GET "/assets/scaffolds.css?body=1" for 127.0.0.1 at 2017-03-02 21:43:52 -0500
Served asset /scaffolds.css - 200 OK (1ms)


Started GET "/assets/jquery_ujs.js?body=1" for 127.0.0.1 at 2017-03-02 21:43:52 -0500
Served asset /jquery_ujs.js - 200 OK (1ms)


Started GET "/assets/animals.js?body=1" for 127.0.0.1 at 2017-03-02 21:43:52 -0500
Served asset /animals.js - 200 OK (1ms)


Started GET "/assets/application.js?body=1" for 127.0.0.1 at 2017-03-02 21:43:52 -0500
Served asset /application.js - 200 OK (5ms)


Started GET "/animals/new" for 127.0.0.1 at 2017-03-02 21:43:53 -0500
Processing by AnimalsController#new as HTML
  Rendered animals/_form.html.erb (4.9ms)
  Rendered animals/new.html.erb within layouts/application (6.9ms)
Completed 200 OK in 13ms (Views: 9.9ms | ActiveRecord: 0.0ms)


Started GET "/assets/application.css?body=1" for 127.0.0.1 at 2017-03-02 21:43:53 -0500
Served asset /application.css - 304 Not Modified (0ms)


Started GET "/assets/animals.css?body=1" for 127.0.0.1 at 2017-03-02 21:43:53 -0500
Served asset /animals.css - 304 Not Modified (0ms)


Started GET "/assets/scaffolds.css?body=1" for 127.0.0.1 at 2017-03-02 21:43:53 -0500
Served asset /scaffolds.css - 304 Not Modified (0ms)


Started POST "/animals" for 127.0.0.1 at 2017-03-02 21:43:55 -0500
Processing by AnimalsController#create as HTML
  Parameters: {"utf8"=>"✓", "authenticity_token"=>"reXB8xYHzPKoxxsL9lUaRldh+mYibWEoGHKykmbvJzA=", "animal"=>{"name"=>"asdf"}, "commit"=>"Create Animal"}
  [1m[35m (0.1ms)[0m  begin transaction
  [1m[36mSQL (2.6ms)[0m  [1mINSERT INTO "animals" ("created_at", "name", "updated_at") VALUES (?, ?, ?)[0m  [["created_at", Fri, 03 Mar 2017 02:43:55 UTC +00:00], ["name", "asdf"], ["updated_at", Fri, 03 Mar 2017 02:43:55 UTC +00:00]]
  [1m[35m (17.5ms)[0m  commit transaction
Redirected to http://localhost:3000/animals/1
Completed 302 Found in 23ms (ActiveRecord: 20.1ms)


Started GET "/animals/1" for 127.0.0.1 at 2017-03-02 21:43:55 -0500
Processing by AnimalsController#show as HTML
  Parameters: {"id"=>"1"}
  [1m[36mAnimal Load (0.2ms)[0m  [1mSELECT "animals".* FROM "animals" WHERE "animals"."id" = ? LIMIT 1[0m  [["id", "1"]]
  Rendered animals/show.html.erb within layouts/application (0.8ms)
Completed 200 OK in 6ms (Views: 3.9ms | ActiveRecord: 0.2ms)


Started GET "/assets/application.css?body=1" for 127.0.0.1 at 2017-03-02 21:43:55 -0500
Served asset /application.css - 304 Not Modified (0ms)


Started GET "/assets/animals.css?body=1" for 127.0.0.1 at 2017-03-02 21:43:55 -0500
Served asset /animals.css - 304 Not Modified (0ms)


Started GET "/assets/scaffolds.css?body=1" for 127.0.0.1 at 2017-03-02 21:43:55 -0500
Served asset /scaffolds.css - 304 Not Modified (0ms)


Started GET "/animals" for 127.0.0.1 at 2017-03-02 21:43:56 -0500
Processing by AnimalsController#index as HTML
  [1m[35mAnimal Load (0.1ms)[0m  SELECT "animals".* FROM "animals" 
  Rendered animals/index.html.erb within layouts/application (0.7ms)
Completed 200 OK in 4ms (Views: 3.3ms | ActiveRecord: 0.1ms)


Started GET "/assets/animals.css?body=1" for 127.0.0.1 at 2017-03-02 21:43:56 -0500
Served asset /animals.css - 304 Not Modified (0ms)


Started GET "/assets/application.css?body=1" for 127.0.0.1 at 2017-03-02 21:43:56 -0500
Served asset /application.css - 304 Not Modified (0ms)


Started GET "/assets/scaffolds.css?body=1" for 127.0.0.1 at 2017-03-02 21:43:56 -0500
Served asset /scaffolds.css - 304 Not Modified (0ms)


Started DELETE "/animals/1" for 127.0.0.1 at 2017-03-02 21:43:58 -0500
Processing by AnimalsController#destroy as HTML
  Parameters: {"authenticity_token"=>"reXB8xYHzPKoxxsL9lUaRldh+mYibWEoGHKykmbvJzA=", "id"=>"1"}
  [1m[36mAnimal Load (0.1ms)[0m  [1mSELECT "animals".* FROM "animals" WHERE "animals"."id" = ? LIMIT 1[0m  [["id", "1"]]
  [1m[35m (0.1ms)[0m  begin transaction
  [1m[36mSQL (0.2ms)[0m  [1mDELETE FROM "animals" WHERE "animals"."id" = ?[0m  [["id", 1]]
  [1m[35m (19.6ms)[0m  commit transaction
Redirected to http://localhost:3000/animals
Completed 302 Found in 23ms (ActiveRecord: 19.9ms)


Started GET "/animals" for 127.0.0.1 at 2017-03-02 21:43:58 -0500
Processing by AnimalsController#index as HTML
  [1m[36mAnimal Load (0.1ms)[0m  [1mSELECT "animals".* FROM "animals" [0m
  Rendered animals/index.html.erb within layouts/application (0.2ms)
Completed 200 OK in 4ms (Views: 3.4ms | ActiveRecord: 0.1ms)


Started GET "/assets/application.css?body=1" for 127.0.0.1 at 2017-03-02 21:43:58 -0500
Served asset /application.css - 304 Not Modified (2ms)


Started GET "/assets/animals.css?body=1" for 127.0.0.1 at 2017-03-02 21:43:58 -0500
Served asset /animals.css - 304 Not Modified (0ms)


Started GET "/assets/scaffolds.css?body=1" for 127.0.0.1 at 2017-03-02 21:43:58 -0500
Served asset /scaffolds.css - 304 Not Modified (0ms)
